\BOOKMARK [0][-]{Doc-Start}{\376\377\000A\000b\000s\000t\000r\000a\000c\000t}{}% 1
\BOOKMARK [0][-]{chapter*.1}{\376\377\000C\000o\000n\000t\000e\000n\000t\000s}{}% 2
\BOOKMARK [0][-]{chapter*.2}{\376\377\000L\000i\000s\000t\000\040\000o\000f\000\040\000T\000a\000b\000l\000e\000s}{}% 3
\BOOKMARK [0][-]{chapter*.3}{\376\377\000L\000i\000s\000t\000\040\000o\000f\000\040\000F\000i\000g\000u\000r\000e\000s}{}% 4
\BOOKMARK [0][-]{chapter*.4}{\376\377\000N\000o\000m\000e\000n\000c\000l\000a\000t\000u\000r\000e}{}% 5
\BOOKMARK [0][-]{chapter.1}{\376\377\000I\000N\000T\000R\000O\000D\000U\000C\000T\000I\000O\000N}{}% 6
\BOOKMARK [1][-]{section.1.1}{\376\377\000I\000n\000t\000r\000o\000:\000s\000e\000c\000t\000i\000o\000n\000\040\000I}{chapter.1}% 7
\BOOKMARK [2][-]{subsection.1.1.1}{\376\377\000I\000n\000t\000r\000o\000:\000s\000e\000c\000t\000i\000o\000n\000\040\000I\000-\0001}{section.1.1}% 8
\BOOKMARK [1][-]{section.1.2}{\376\377\000I\000n\000t\000r\000o\000:\000s\000e\000c\000t\000i\000o\000n\000\040\000I\000I}{chapter.1}% 9
\BOOKMARK [2][-]{subsection.1.2.1}{\376\377\000I\000n\000t\000r\000o\000:\000s\000e\000c\000t\000i\000o\000n\000\040\000I\000I\000-\0001}{section.1.2}% 10
\BOOKMARK [0][-]{chapter.2}{\376\377\000B\000A\000C\000K\000G\000R\000O\000U\000N\000D}{}% 11
\BOOKMARK [1][-]{section.2.1}{\376\377\000B\000a\000c\000k\000:\000s\000e\000c\000t\000i\000o\000n\000\040\000I}{chapter.2}% 12
\BOOKMARK [2][-]{subsection.2.1.1}{\376\377\000B\000a\000c\000k\000:\000s\000e\000c\000t\000i\000o\000n\000\040\000I\000-\0001}{section.2.1}% 13
\BOOKMARK [1][-]{section.2.2}{\376\377\000B\000a\000c\000k\000:\000s\000e\000c\000t\000i\000o\000n\000\040\000I\000I}{chapter.2}% 14
\BOOKMARK [2][-]{subsection.2.2.1}{\376\377\000B\000a\000c\000k\000:\000s\000e\000c\000t\000i\000o\000n\000\040\000I\000I\000-\0001}{section.2.2}% 15
\BOOKMARK [0][-]{chapter.3}{\376\377\000D\000I\000S\000C\000U\000S\000S\000I\000O\000N}{}% 16
\BOOKMARK [1][-]{section.3.1}{\376\377\000D\000i\000s\000c\000u\000s\000s\000i\000o\000n\000:\000s\000e\000c\000t\000i\000o\000n\000\040\000I}{chapter.3}% 17
\BOOKMARK [2][-]{subsection.3.1.1}{\376\377\000D\000i\000s\000c\000u\000s\000s\000i\000o\000n\000:\000s\000e\000c\000t\000i\000o\000n\000\040\000I\000-\0001}{section.3.1}% 18
\BOOKMARK [0][-]{chapter.4}{\376\377\000C\000O\000N\000C\000L\000U\000S\000I\000O\000N}{}% 19
\BOOKMARK [0][-]{appendix*.5}{\376\377\000A\000p\000p\000e\000n\000d\000i\000x\000\040}{}% 20
\BOOKMARK [1][-]{section.1..1}{\376\377\000F\000i\000r\000s\000t\000\040\000A\000p\000p\000e\000n\000d\000i\000x}{appendix*.5}% 21
\BOOKMARK [2][-]{subsection.1..1.1}{\376\377\000F\000I\000X\000M\000E\000\040\000A\000p\000p\000e\000n\000d\000i\000x\0001}{section.1..1}% 22
\BOOKMARK [2][-]{subsection.1..1.2}{\376\377\000F\000I\000X\000M\000E\000\040\000A\000p\000p\000e\000n\000d\000i\000x\0002}{section.1..1}% 23
\BOOKMARK [0][-]{appendix*.7}{\376\377\000A\000b\000s\000t\000r\000a\000c\000t\000\040\000\050\000I\000n\000\040\000K\000o\000r\000e\000a\000n\000\051}{}% 24
\BOOKMARK [0][-]{appendix*.8}{\376\377\000A\000c\000k\000n\000o\000w\000l\000e\000g\000e\000m\000e\000n\000t}{}% 25
